# --------------------------------------------------- // Terminal emulator
kitty                                                 # ( default )
# alacritty                                           # ( optional )

# --------------------------------------------------- // Terminal multiplexer / workspaces
tmux                                                  # ( default )
# zellij                                              # ( optional )

# --------------------------------------------------- // Main CLI tools
vim                                                   # a text editor
neovim                                                # a text editor
# emacs                                               # the extensible, customizable, self-documenting real-time display editor
yazi                                                  # a file manager (TUI)
# ranger                                              # a file manager (TUI)

# --------------------------------------------------- // Useful CLI tools
fastfetch                                             # show system information
cava                                                  # audio visualizer
btop                                                  # a monitor
htop                                                  # a monitor

# Repos:
######### Terminal emulator
# [kitty](https://github.com/kovidgoyal/kitty)
# [alacritty](https://github.com/alacritty/alacritty)
######### Terminal multiplexer
# [tmux](https://github.com/tmux/tmux)
# [zellij](https://github.com/zellij-org/zellij)
######### Terminal tools
# [vim](https://github.com/vim/vim)
# [neovim](https://github.com/neovim/neovim)
# [emacs](https://github.com/emacs-mirror/emacs)
# [yazi](https://github.com/sxyazi/yazi)
# [ranger](https://github.com/ranger/ranger)

# References:
#########
#
